[2019/Mar/03 15:32:39] uiparser.py 
 [line:1015] DEBUG UI version is 4.0
[2019/Mar/03 15:32:39] uiparser.py 
 [line:864] DEBUG uiname is MainWindow
[2019/Mar/03 15:32:39] uiparser.py 
 [line:825] DEBUG toplevel widget is ui
[2019/Mar/03 15:32:39] properties.py 
 [line:400] DEBUG setting property geometry
[2019/Mar/03 15:32:39] properties.py 
 [line:400] DEBUG setting property sizePolicy
[2019/Mar/03 15:32:39] properties.py 
 [line:400] DEBUG setting property acceptDrops
[2019/Mar/03 15:32:39] properties.py 
 [line:400] DEBUG setting property windowTitle
[2019/Mar/03 15:32:39] properties.py 
 [line:400] DEBUG setting property autoFillBackground
[2019/Mar/03 15:32:39] uiparser.py 
 [line:109] DEBUG push ui MainWindow
[2019/Mar/03 15:32:39] properties.py 
 [line:400] DEBUG setting property sizePolicy
[2019/Mar/03 15:32:39] uiparser.py 
 [line:109] DEBUG push QWidget centralwidget
[2019/Mar/03 15:32:39] properties.py 
 [line:400] DEBUG setting property pyuicMargins
[2019/Mar/03 15:32:39] uiparser.py 
 [line:109] DEBUG push QVBoxLayout verticalLayout_2
[2019/Mar/03 15:32:39] uiparser.py 
 [line:109] DEBUG push QVBoxLayout verticalLayout
[2019/Mar/03 15:32:39] properties.py 
 [line:400] DEBUG setting property text
[2019/Mar/03 15:32:39] uiparser.py 
 [line:109] DEBUG push QLabel labelOrigin
[2019/Mar/03 15:32:39] uiparser.py 
 [line:123] DEBUG pop widget QLabel labelOrigin
[2019/Mar/03 15:32:39] uiparser.py 
 [line:130] DEBUG new topwidget <PyQt5.QtWidgets.QWidget object at 0x000001FDA31EBDC8>
[2019/Mar/03 15:32:39] properties.py 
 [line:400] DEBUG setting property autoFillBackground
[2019/Mar/03 15:32:39] uiparser.py 
 [line:109] DEBUG push QPlainTextEdit textOrigin
[2019/Mar/03 15:32:39] uiparser.py 
 [line:123] DEBUG pop widget QPlainTextEdit textOrigin
[2019/Mar/03 15:32:39] uiparser.py 
 [line:130] DEBUG new topwidget <PyQt5.QtWidgets.QWidget object at 0x000001FDA31EBDC8>
[2019/Mar/03 15:32:39] properties.py 
 [line:400] DEBUG setting property text
[2019/Mar/03 15:32:39] uiparser.py 
 [line:109] DEBUG push QLabel labelTranslated
[2019/Mar/03 15:32:39] uiparser.py 
 [line:123] DEBUG pop widget QLabel labelTranslated
[2019/Mar/03 15:32:39] uiparser.py 
 [line:130] DEBUG new topwidget <PyQt5.QtWidgets.QWidget object at 0x000001FDA31EBDC8>
[2019/Mar/03 15:32:39] uiparser.py 
 [line:109] DEBUG push QPlainTextEdit textTranslate
[2019/Mar/03 15:32:39] uiparser.py 
 [line:123] DEBUG pop widget QPlainTextEdit textTranslate
[2019/Mar/03 15:32:39] uiparser.py 
 [line:130] DEBUG new topwidget <PyQt5.QtWidgets.QWidget object at 0x000001FDA31EBDC8>
[2019/Mar/03 15:32:39] properties.py 
 [line:400] DEBUG setting property text
[2019/Mar/03 15:32:39] properties.py 
 [line:400] DEBUG setting property checked
[2019/Mar/03 15:32:39] uiparser.py 
 [line:109] DEBUG push QCheckBox checkBoxR
[2019/Mar/03 15:32:39] uiparser.py 
 [line:123] DEBUG pop widget QCheckBox checkBoxR
[2019/Mar/03 15:32:39] uiparser.py 
 [line:130] DEBUG new topwidget <PyQt5.QtWidgets.QWidget object at 0x000001FDA31EBDC8>
[2019/Mar/03 15:32:39] properties.py 
 [line:400] DEBUG setting property text
[2019/Mar/03 15:32:39] properties.py 
 [line:400] DEBUG setting property checked
[2019/Mar/03 15:32:39] uiparser.py 
 [line:109] DEBUG push QCheckBox checkBoxW
[2019/Mar/03 15:32:39] uiparser.py 
 [line:123] DEBUG pop widget QCheckBox checkBoxW
[2019/Mar/03 15:32:39] uiparser.py 
 [line:130] DEBUG new topwidget <PyQt5.QtWidgets.QWidget object at 0x000001FDA31EBDC8>
[2019/Mar/03 15:32:39] properties.py 
 [line:400] DEBUG setting property text
[2019/Mar/03 15:32:39] uiparser.py 
 [line:109] DEBUG push QPushButton buttonExit
[2019/Mar/03 15:32:39] uiparser.py 
 [line:123] DEBUG pop widget QPushButton buttonExit
[2019/Mar/03 15:32:39] uiparser.py 
 [line:130] DEBUG new topwidget <PyQt5.QtWidgets.QWidget object at 0x000001FDA31EBDC8>
[2019/Mar/03 15:32:39] uiparser.py 
 [line:117] DEBUG pop layout QVBoxLayout verticalLayout
[2019/Mar/03 15:32:39] uiparser.py 
 [line:117] DEBUG pop layout QVBoxLayout verticalLayout_2
[2019/Mar/03 15:32:39] uiparser.py 
 [line:123] DEBUG pop widget QWidget centralwidget
[2019/Mar/03 15:32:39] uiparser.py 
 [line:130] DEBUG new topwidget <__main__.ui object at 0x000001FDA211C828>
[2019/Mar/03 15:32:39] uiparser.py 
 [line:123] DEBUG pop widget ui MainWindow
[2019/Mar/03 15:32:39] uiparser.py 
 [line:130] DEBUG new topwidget None
[2019/Mar/03 15:32:41] t.py 
 [line:57] ERROR can't read from clipboard.
 Specified clipboard format is not available
[2019/Mar/03 15:32:42] t.py 
 [line:57] ERROR can't read from clipboard.
 Specified clipboard format is not available
[2019/Mar/03 15:32:43] t.py 
 [line:57] ERROR can't read from clipboard.
 Specified clipboard format is not available
[2019/Mar/03 15:32:44] t.py 
 [line:57] ERROR can't read from clipboard.
 Specified clipboard format is not available
[2019/Mar/03 15:32:45] t.py 
 [line:57] ERROR can't read from clipboard.
 Specified clipboard format is not available
[2019/Mar/03 15:32:46] t.py 
 [line:57] ERROR can't read from clipboard.
 Specified clipboard format is not available
[2019/Mar/03 15:32:47] t.py 
 [line:57] ERROR can't read from clipboard.
 Specified clipboard format is not available
[2019/Mar/03 15:32:48] t.py 
 [line:57] ERROR can't read from clipboard.
 Specified clipboard format is not available
[2019/Mar/03 15:32:49] t.py 
 [line:57] ERROR can't read from clipboard.
 Specified clipboard format is not available
[2019/Mar/03 15:32:50] t.py 
 [line:57] ERROR can't read from clipboard.
 Specified clipboard format is not available
[2019/Mar/03 15:32:51] t.py 
 [line:57] ERROR can't read from clipboard.
 Specified clipboard format is not available
[2019/Mar/03 15:32:52] t.py 
 [line:57] ERROR can't read from clipboard.
 Specified clipboard format is not available
[2019/Mar/03 15:32:53] t.py 
 [line:57] ERROR can't read from clipboard.
 Specified clipboard format is not available
[2019/Mar/03 15:32:54] t.py 
 [line:57] ERROR can't read from clipboard.
 Specified clipboard format is not available
[2019/Mar/03 15:32:55] t.py 
 [line:57] ERROR can't read from clipboard.
 Specified clipboard format is not available
[2019/Mar/03 15:32:56] t.py 
 [line:57] ERROR can't read from clipboard.
 Specified clipboard format is not available
[2019/Mar/03 15:32:57] t.py 
 [line:57] ERROR can't read from clipboard.
 Specified clipboard format is not available
[2019/Mar/03 15:32:58] t.py 
 [line:57] ERROR can't read from clipboard.
 Specified clipboard format is not available
[2019/Mar/03 15:32:59] t.py 
 [line:57] ERROR can't read from clipboard.
 Specified clipboard format is not available
[2019/Mar/03 15:33:00] t.py 
 [line:57] ERROR can't read from clipboard.
 Specified clipboard format is not available
[2019/Mar/03 15:33:01] t.py 
 [line:57] ERROR can't read from clipboard.
 Specified clipboard format is not available
[2019/Mar/03 15:33:02] t.py 
 [line:57] ERROR can't read from clipboard.
 Specified clipboard format is not available
[2019/Mar/03 15:33:03] t.py 
 [line:57] ERROR can't read from clipboard.
 Specified clipboard format is not available
[2019/Mar/03 15:33:04] t.py 
 [line:57] ERROR can't read from clipboard.
 Specified clipboard format is not available
[2019/Mar/03 15:33:05] t.py 
 [line:57] ERROR can't read from clipboard.
 Specified clipboard format is not available
[2019/Mar/03 15:33:06] t.py 
 [line:57] ERROR can't read from clipboard.
 Specified clipboard format is not available
[2019/Mar/03 15:33:07] t.py 
 [line:57] ERROR can't read from clipboard.
 Specified clipboard format is not available
[2019/Mar/03 15:33:08] t.py 
 [line:57] ERROR can't read from clipboard.
 Specified clipboard format is not available
[2019/Mar/03 15:33:09] t.py 
 [line:57] ERROR can't read from clipboard.
 Specified clipboard format is not available
[2019/Mar/03 15:33:10] t.py 
 [line:57] ERROR can't read from clipboard.
 Specified clipboard format is not available
[2019/Mar/03 15:33:11] t.py 
 [line:57] ERROR can't read from clipboard.
 Specified clipboard format is not available
[2019/Mar/03 15:33:12] t.py 
 [line:57] ERROR can't read from clipboard.
 Specified clipboard format is not available
[2019/Mar/03 15:33:13] t.py 
 [line:57] ERROR can't read from clipboard.
 Specified clipboard format is not available
[2019/Mar/03 15:33:14] t.py 
 [line:57] ERROR can't read from clipboard.
 Specified clipboard format is not available
[2019/Mar/03 15:33:15] t.py 
 [line:57] ERROR can't read from clipboard.
 Specified clipboard format is not available
[2019/Mar/03 15:33:16] t.py 
 [line:57] ERROR can't read from clipboard.
 Specified clipboard format is not available
[2019/Mar/03 15:33:17] connectionpool.py 
 [line:823] DEBUG Starting new HTTPS connection (1): fanyi.baidu.com:443
[2019/Mar/03 15:33:17] t.py 
 [line:42] ERROR [error] network error.
[2019/Mar/03 15:33:40] uiparser.py 
 [line:1015] DEBUG UI version is 4.0
[2019/Mar/03 15:33:40] uiparser.py 
 [line:864] DEBUG uiname is MainWindow
[2019/Mar/03 15:33:40] uiparser.py 
 [line:825] DEBUG toplevel widget is ui
[2019/Mar/03 15:33:40] properties.py 
 [line:400] DEBUG setting property geometry
[2019/Mar/03 15:33:40] properties.py 
 [line:400] DEBUG setting property sizePolicy
[2019/Mar/03 15:33:40] properties.py 
 [line:400] DEBUG setting property acceptDrops
[2019/Mar/03 15:33:40] properties.py 
 [line:400] DEBUG setting property windowTitle
[2019/Mar/03 15:33:40] properties.py 
 [line:400] DEBUG setting property autoFillBackground
[2019/Mar/03 15:33:40] uiparser.py 
 [line:109] DEBUG push ui MainWindow
[2019/Mar/03 15:33:40] properties.py 
 [line:400] DEBUG setting property sizePolicy
[2019/Mar/03 15:33:40] uiparser.py 
 [line:109] DEBUG push QWidget centralwidget
[2019/Mar/03 15:33:40] properties.py 
 [line:400] DEBUG setting property pyuicMargins
[2019/Mar/03 15:33:40] uiparser.py 
 [line:109] DEBUG push QVBoxLayout verticalLayout_2
[2019/Mar/03 15:33:40] uiparser.py 
 [line:109] DEBUG push QVBoxLayout verticalLayout
[2019/Mar/03 15:33:40] properties.py 
 [line:400] DEBUG setting property text
[2019/Mar/03 15:33:40] uiparser.py 
 [line:109] DEBUG push QLabel labelOrigin
[2019/Mar/03 15:33:40] uiparser.py 
 [line:123] DEBUG pop widget QLabel labelOrigin
[2019/Mar/03 15:33:40] uiparser.py 
 [line:130] DEBUG new topwidget <PyQt5.QtWidgets.QWidget object at 0x000002270560DDC8>
[2019/Mar/03 15:33:40] properties.py 
 [line:400] DEBUG setting property autoFillBackground
[2019/Mar/03 15:33:40] uiparser.py 
 [line:109] DEBUG push QPlainTextEdit textOrigin
[2019/Mar/03 15:33:40] uiparser.py 
 [line:123] DEBUG pop widget QPlainTextEdit textOrigin
[2019/Mar/03 15:33:40] uiparser.py 
 [line:130] DEBUG new topwidget <PyQt5.QtWidgets.QWidget object at 0x000002270560DDC8>
[2019/Mar/03 15:33:40] properties.py 
 [line:400] DEBUG setting property text
[2019/Mar/03 15:33:40] uiparser.py 
 [line:109] DEBUG push QLabel labelTranslated
[2019/Mar/03 15:33:40] uiparser.py 
 [line:123] DEBUG pop widget QLabel labelTranslated
[2019/Mar/03 15:33:40] uiparser.py 
 [line:130] DEBUG new topwidget <PyQt5.QtWidgets.QWidget object at 0x000002270560DDC8>
[2019/Mar/03 15:33:40] uiparser.py 
 [line:109] DEBUG push QPlainTextEdit textTranslate
[2019/Mar/03 15:33:40] uiparser.py 
 [line:123] DEBUG pop widget QPlainTextEdit textTranslate
[2019/Mar/03 15:33:40] uiparser.py 
 [line:130] DEBUG new topwidget <PyQt5.QtWidgets.QWidget object at 0x000002270560DDC8>
[2019/Mar/03 15:33:40] properties.py 
 [line:400] DEBUG setting property text
[2019/Mar/03 15:33:40] properties.py 
 [line:400] DEBUG setting property checked
[2019/Mar/03 15:33:40] uiparser.py 
 [line:109] DEBUG push QCheckBox checkBoxR
[2019/Mar/03 15:33:40] uiparser.py 
 [line:123] DEBUG pop widget QCheckBox checkBoxR
[2019/Mar/03 15:33:40] uiparser.py 
 [line:130] DEBUG new topwidget <PyQt5.QtWidgets.QWidget object at 0x000002270560DDC8>
[2019/Mar/03 15:33:40] properties.py 
 [line:400] DEBUG setting property text
[2019/Mar/03 15:33:40] properties.py 
 [line:400] DEBUG setting property checked
[2019/Mar/03 15:33:40] uiparser.py 
 [line:109] DEBUG push QCheckBox checkBoxW
[2019/Mar/03 15:33:40] uiparser.py 
 [line:123] DEBUG pop widget QCheckBox checkBoxW
[2019/Mar/03 15:33:40] uiparser.py 
 [line:130] DEBUG new topwidget <PyQt5.QtWidgets.QWidget object at 0x000002270560DDC8>
[2019/Mar/03 15:33:40] properties.py 
 [line:400] DEBUG setting property text
[2019/Mar/03 15:33:40] uiparser.py 
 [line:109] DEBUG push QPushButton buttonExit
[2019/Mar/03 15:33:40] uiparser.py 
 [line:123] DEBUG pop widget QPushButton buttonExit
[2019/Mar/03 15:33:40] uiparser.py 
 [line:130] DEBUG new topwidget <PyQt5.QtWidgets.QWidget object at 0x000002270560DDC8>
[2019/Mar/03 15:33:40] uiparser.py 
 [line:117] DEBUG pop layout QVBoxLayout verticalLayout
[2019/Mar/03 15:33:40] uiparser.py 
 [line:117] DEBUG pop layout QVBoxLayout verticalLayout_2
[2019/Mar/03 15:33:40] uiparser.py 
 [line:123] DEBUG pop widget QWidget centralwidget
[2019/Mar/03 15:33:40] uiparser.py 
 [line:130] DEBUG new topwidget <__main__.ui object at 0x0000022704800E58>
[2019/Mar/03 15:33:40] uiparser.py 
 [line:123] DEBUG pop widget ui MainWindow
[2019/Mar/03 15:33:40] uiparser.py 
 [line:130] DEBUG new topwidget None
[2019/Mar/03 15:33:41] t.py 
 [line:57] ERROR can't read from clipboard.
 decoding str is not supported
[2019/Mar/03 15:33:42] t.py 
 [line:57] ERROR can't read from clipboard.
 decoding str is not supported
[2019/Mar/03 15:33:43] t.py 
 [line:57] ERROR can't read from clipboard.
 decoding str is not supported
[2019/Mar/03 15:33:44] t.py 
 [line:57] ERROR can't read from clipboard.
 decoding str is not supported
[2019/Mar/03 15:33:45] t.py 
 [line:57] ERROR can't read from clipboard.
 decoding str is not supported
[2019/Mar/03 15:33:46] t.py 
 [line:57] ERROR can't read from clipboard.
 decoding str is not supported
[2019/Mar/03 15:33:47] t.py 
 [line:57] ERROR can't read from clipboard.
 decoding str is not supported
[2019/Mar/03 15:33:48] t.py 
 [line:57] ERROR can't read from clipboard.
 decoding str is not supported
[2019/Mar/03 15:33:49] t.py 
 [line:57] ERROR can't read from clipboard.
 decoding str is not supported
[2019/Mar/03 15:33:50] t.py 
 [line:57] ERROR can't read from clipboard.
 decoding str is not supported
[2019/Mar/03 15:33:51] t.py 
 [line:57] ERROR can't read from clipboard.
 decoding str is not supported
[2019/Mar/03 15:33:52] t.py 
 [line:57] ERROR can't read from clipboard.
 decoding str is not supported
[2019/Mar/03 15:33:53] t.py 
 [line:57] ERROR can't read from clipboard.
 decoding str is not supported
[2019/Mar/03 15:33:54] t.py 
 [line:57] ERROR can't read from clipboard.
 decoding str is not supported
[2019/Mar/03 15:33:55] t.py 
 [line:57] ERROR can't read from clipboard.
 decoding str is not supported
[2019/Mar/03 15:33:56] t.py 
 [line:57] ERROR can't read from clipboard.
 decoding str is not supported
[2019/Mar/03 15:33:57] t.py 
 [line:57] ERROR can't read from clipboard.
 decoding str is not supported
[2019/Mar/03 15:33:58] t.py 
 [line:57] ERROR can't read from clipboard.
 decoding str is not supported
[2019/Mar/03 15:33:59] t.py 
 [line:57] ERROR can't read from clipboard.
 decoding str is not supported
[2019/Mar/03 15:34:00] t.py 
 [line:57] ERROR can't read from clipboard.
 decoding str is not supported
[2019/Mar/03 15:34:01] t.py 
 [line:57] ERROR can't read from clipboard.
 decoding str is not supported
[2019/Mar/03 15:34:02] t.py 
 [line:57] ERROR can't read from clipboard.
 decoding str is not supported
[2019/Mar/03 15:34:03] t.py 
 [line:57] ERROR can't read from clipboard.
 decoding str is not supported
[2019/Mar/03 15:34:04] t.py 
 [line:57] ERROR can't read from clipboard.
 decoding str is not supported
[2019/Mar/03 15:34:05] t.py 
 [line:57] ERROR can't read from clipboard.
 decoding str is not supported
[2019/Mar/03 15:34:06] t.py 
 [line:57] ERROR can't read from clipboard.
 decoding str is not supported
[2019/Mar/03 15:34:07] t.py 
 [line:57] ERROR can't read from clipboard.
 decoding str is not supported
[2019/Mar/03 15:34:08] t.py 
 [line:57] ERROR can't read from clipboard.
 decoding str is not supported
[2019/Mar/03 15:34:09] t.py 
 [line:57] ERROR can't read from clipboard.
 decoding str is not supported
[2019/Mar/03 15:34:10] t.py 
 [line:57] ERROR can't read from clipboard.
 decoding str is not supported
[2019/Mar/03 15:34:11] t.py 
 [line:57] ERROR can't read from clipboard.
 decoding str is not supported
[2019/Mar/03 15:34:12] t.py 
 [line:57] ERROR can't read from clipboard.
 decoding str is not supported
[2019/Mar/03 15:34:13] t.py 
 [line:57] ERROR can't read from clipboard.
 decoding str is not supported
[2019/Mar/03 15:34:14] t.py 
 [line:57] ERROR can't read from clipboard.
 decoding str is not supported
[2019/Mar/03 15:34:15] t.py 
 [line:57] ERROR can't read from clipboard.
 decoding str is not supported
[2019/Mar/03 15:34:16] t.py 
 [line:57] ERROR can't read from clipboard.
 decoding str is not supported
[2019/Mar/03 15:34:17] t.py 
 [line:57] ERROR can't read from clipboard.
 decoding str is not supported
[2019/Mar/03 15:34:18] t.py 
 [line:57] ERROR can't read from clipboard.
 decoding str is not supported
[2019/Mar/03 15:34:19] t.py 
 [line:57] ERROR can't read from clipboard.
 decoding str is not supported
[2019/Mar/03 15:34:20] t.py 
 [line:57] ERROR can't read from clipboard.
 decoding str is not supported
[2019/Mar/03 15:34:21] t.py 
 [line:57] ERROR can't read from clipboard.
 decoding str is not supported
[2019/Mar/03 15:34:22] t.py 
 [line:57] ERROR can't read from clipboard.
 decoding str is not supported
[2019/Mar/03 15:34:23] t.py 
 [line:57] ERROR can't read from clipboard.
 decoding str is not supported
[2019/Mar/03 15:34:24] t.py 
 [line:57] ERROR can't read from clipboard.
 decoding str is not supported
[2019/Mar/03 15:34:25] t.py 
 [line:57] ERROR can't read from clipboard.
 decoding str is not supported
[2019/Mar/03 15:35:17] t.py 
 [line:57] ERROR can't read from clipboard.
 decoding str is not supported
[2019/Mar/03 15:35:38] t.py 
 [line:57] ERROR can't read from clipboard.
 decoding str is not supported
[2019/Mar/03 15:36:18] connectionpool.py 
 [line:823] DEBUG Starting new HTTPS connection (1): fanyi.baidu.com:443
[2019/Mar/03 15:36:18] t.py 
 [line:42] ERROR [error] network error.
[2019/Mar/03 15:36:27] uiparser.py 
 [line:1015] DEBUG UI version is 4.0
[2019/Mar/03 15:36:27] uiparser.py 
 [line:864] DEBUG uiname is MainWindow
[2019/Mar/03 15:36:27] uiparser.py 
 [line:825] DEBUG toplevel widget is ui
[2019/Mar/03 15:36:27] properties.py 
 [line:400] DEBUG setting property geometry
[2019/Mar/03 15:36:27] properties.py 
 [line:400] DEBUG setting property sizePolicy
[2019/Mar/03 15:36:27] properties.py 
 [line:400] DEBUG setting property acceptDrops
[2019/Mar/03 15:36:27] properties.py 
 [line:400] DEBUG setting property windowTitle
[2019/Mar/03 15:36:27] properties.py 
 [line:400] DEBUG setting property autoFillBackground
[2019/Mar/03 15:36:27] uiparser.py 
 [line:109] DEBUG push ui MainWindow
[2019/Mar/03 15:36:27] properties.py 
 [line:400] DEBUG setting property sizePolicy
[2019/Mar/03 15:36:27] uiparser.py 
 [line:109] DEBUG push QWidget centralwidget
[2019/Mar/03 15:36:27] properties.py 
 [line:400] DEBUG setting property pyuicMargins
[2019/Mar/03 15:36:27] uiparser.py 
 [line:109] DEBUG push QVBoxLayout verticalLayout_2
[2019/Mar/03 15:36:27] uiparser.py 
 [line:109] DEBUG push QVBoxLayout verticalLayout
[2019/Mar/03 15:36:27] properties.py 
 [line:400] DEBUG setting property text
[2019/Mar/03 15:36:27] uiparser.py 
 [line:109] DEBUG push QLabel labelOrigin
[2019/Mar/03 15:36:27] uiparser.py 
 [line:123] DEBUG pop widget QLabel labelOrigin
[2019/Mar/03 15:36:27] uiparser.py 
 [line:130] DEBUG new topwidget <PyQt5.QtWidgets.QWidget object at 0x0000029C868BEDC8>
[2019/Mar/03 15:36:27] properties.py 
 [line:400] DEBUG setting property autoFillBackground
[2019/Mar/03 15:36:27] uiparser.py 
 [line:109] DEBUG push QPlainTextEdit textOrigin
[2019/Mar/03 15:36:27] uiparser.py 
 [line:123] DEBUG pop widget QPlainTextEdit textOrigin
[2019/Mar/03 15:36:27] uiparser.py 
 [line:130] DEBUG new topwidget <PyQt5.QtWidgets.QWidget object at 0x0000029C868BEDC8>
[2019/Mar/03 15:36:27] properties.py 
 [line:400] DEBUG setting property text
[2019/Mar/03 15:36:27] uiparser.py 
 [line:109] DEBUG push QLabel labelTranslated
[2019/Mar/03 15:36:27] uiparser.py 
 [line:123] DEBUG pop widget QLabel labelTranslated
[2019/Mar/03 15:36:27] uiparser.py 
 [line:130] DEBUG new topwidget <PyQt5.QtWidgets.QWidget object at 0x0000029C868BEDC8>
[2019/Mar/03 15:36:27] uiparser.py 
 [line:109] DEBUG push QPlainTextEdit textTranslate
[2019/Mar/03 15:36:27] uiparser.py 
 [line:123] DEBUG pop widget QPlainTextEdit textTranslate
[2019/Mar/03 15:36:27] uiparser.py 
 [line:130] DEBUG new topwidget <PyQt5.QtWidgets.QWidget object at 0x0000029C868BEDC8>
[2019/Mar/03 15:36:27] properties.py 
 [line:400] DEBUG setting property text
[2019/Mar/03 15:36:27] properties.py 
 [line:400] DEBUG setting property checked
[2019/Mar/03 15:36:27] uiparser.py 
 [line:109] DEBUG push QCheckBox checkBoxR
[2019/Mar/03 15:36:27] uiparser.py 
 [line:123] DEBUG pop widget QCheckBox checkBoxR
[2019/Mar/03 15:36:27] uiparser.py 
 [line:130] DEBUG new topwidget <PyQt5.QtWidgets.QWidget object at 0x0000029C868BEDC8>
[2019/Mar/03 15:36:27] properties.py 
 [line:400] DEBUG setting property text
[2019/Mar/03 15:36:27] properties.py 
 [line:400] DEBUG setting property checked
[2019/Mar/03 15:36:27] uiparser.py 
 [line:109] DEBUG push QCheckBox checkBoxW
[2019/Mar/03 15:36:27] uiparser.py 
 [line:123] DEBUG pop widget QCheckBox checkBoxW
[2019/Mar/03 15:36:27] uiparser.py 
 [line:130] DEBUG new topwidget <PyQt5.QtWidgets.QWidget object at 0x0000029C868BEDC8>
[2019/Mar/03 15:36:27] properties.py 
 [line:400] DEBUG setting property text
[2019/Mar/03 15:36:27] uiparser.py 
 [line:109] DEBUG push QPushButton buttonExit
[2019/Mar/03 15:36:27] uiparser.py 
 [line:123] DEBUG pop widget QPushButton buttonExit
[2019/Mar/03 15:36:27] uiparser.py 
 [line:130] DEBUG new topwidget <PyQt5.QtWidgets.QWidget object at 0x0000029C868BEDC8>
[2019/Mar/03 15:36:27] uiparser.py 
 [line:117] DEBUG pop layout QVBoxLayout verticalLayout
[2019/Mar/03 15:36:27] uiparser.py 
 [line:117] DEBUG pop layout QVBoxLayout verticalLayout_2
[2019/Mar/03 15:36:27] uiparser.py 
 [line:123] DEBUG pop widget QWidget centralwidget
[2019/Mar/03 15:36:27] uiparser.py 
 [line:130] DEBUG new topwidget <__main__.ui object at 0x0000029C857DC828>
[2019/Mar/03 15:36:27] uiparser.py 
 [line:123] DEBUG pop widget ui MainWindow
[2019/Mar/03 15:36:27] uiparser.py 
 [line:130] DEBUG new topwidget None
[2019/Mar/03 15:36:33] t.py 
 [line:54] DEBUG [read from clipboard]:GetClipboardData
[2019/Mar/03 15:36:38] connectionpool.py 
 [line:823] DEBUG Starting new HTTPS connection (1): fanyi.baidu.com:443
[2019/Mar/03 15:36:38] t.py 
 [line:42] ERROR [error] network error.
[2019/Mar/03 15:36:47] t.py 
 [line:54] DEBUG [read from clipboard]:GetClipboardData
[2019/Mar/03 15:36:48] t.py 
 [line:54] DEBUG [read from clipboard]:GetClipboardData
[2019/Mar/03 15:36:49] t.py 
 [line:54] DEBUG [read from clipboard]:GetClipboardData
[2019/Mar/03 15:36:50] t.py 
 [line:54] DEBUG [read from clipboard]:GetClipboardData
[2019/Mar/03 15:36:51] t.py 
 [line:54] DEBUG [read from clipboard]:GetClipboardData
[2019/Mar/03 15:36:52] t.py 
 [line:54] DEBUG [read from clipboard]:GetClipboardData
